<?xml version='1.0' encoding='UTF-8'?>
<testsuite hostname="CalebBuild-Ver-1" name="com.CBoswell963.pokemondb.HelloSpec" tests="1" errors="0" failures="0" skipped="0" time="0.007" timestamp="2025-05-15T23:03:26">
          <properties>
      <property name="java.specification.version" value="23"/><property name="sun.cpu.isalist" value="amd64"/><property name="sun.jnu.encoding" value="MS932"/><property name="java.class.path" value="C:\Program Files (x86)\sbt\\bin\sbt-launch.jar"/><property name="java.vm.vendor" value="Oracle Corporation"/><property name="sun.arch.data.model" value="64"/><property name="user.variant" value=""/><property name="jline.shutdownhook" value="false"/><property name="java.vendor.url" value="https://java.oracle.com/"/><property name="user.timezone" value="America/New_York"/><property name="java.vm.specification.version" value="23"/><property name="os.name" value="Windows 11"/><property name="sun.java.launcher" value="SUN_STANDARD"/><property name="user.country" value="US"/><property name="sun.boot.library.path" value="C:\Program Files\Java\jdk-23\bin"/><property name="sun.java.command" value="xsbt.boot.Boot"/><property name="jdk.debug" value="release"/><property name="sun.cpu.endian" value="little"/><property name="user.home" value="C:\Users\cabos"/><property name="user.language" value="en"/><property name="java.specification.vendor" value="Oracle Corporation"/><property name="sbt.ipcsocket.tmpdir" value="C:\Users\cabos\AppData\Local\Temp\.sbtf148900d\ipcsocket"/><property name="swoval.tmpdir" value="C:\Users\cabos\AppData\Local\Temp\.sbtf148900d\swoval"/><property name="java.version.date" value="2024-09-17"/><property name="java.home" value="C:\Program Files\Java\jdk-23"/><property name="file.separator" value="\"/><property name="java.vm.compressedOopsMode" value="32-bit"/><property name="line.separator" value="
"/><property name="java.vm.specification.vendor" value="Oracle Corporation"/><property name="java.specification.name" value="Java Platform API Specification"/><property name="user.script" value=""/><property name="jline.esc.timeout" value="0"/><property name="sun.management.compiler" value="HotSpot 64-Bit Tiered Compilers"/><property name="java.runtime.version" value="23+37-2369"/><property name="user.name" value="cabos"/><property name="stdout.encoding" value="ms932"/><property name="path.separator" value=";"/><property name="os.version" value="10.0"/><property name="jna.nosys" value="true"/><property name="java.runtime.name" value="Java(TM) SE Runtime Environment"/><property name="log4j.ignoreTCL" value="true"/><property name="file.encoding" value="UTF-8"/><property name="jnidispatch.path" value="C:\Users\cabos\AppData\Local\Temp\jna-94416040\jna10517462908892031980.dll"/><property name="java.vm.name" value="Java HotSpot(TM) 64-Bit Server VM"/><property name="jna.loaded" value="true"/><property name="java.vendor.url.bug" value="https://bugreport.java.com/bugreport/"/><property name="java.io.tmpdir" value="C:\Users\cabos\AppData\Local\Temp\"/><property name="java.version" value="23"/><property name="user.dir" value="D:\Documents\Github\Portfolio\PokemonTeamBuilder\backend"/><property name="os.arch" value="amd64"/><property name="java.vm.specification.name" value="Java Virtual Machine Specification"/><property name="sun.os.patch.level" value=""/><property name="native.encoding" value="MS932"/><property name="java.library.path" value="C:\Program Files\Java\jdk-23\bin;C:\WINDOWS\Sun\Java\bin;C:\WINDOWS\system32;C:\WINDOWS;C:\Program Files\Java\jdk-23\bin;C:\Program Files\Common Files\Oracle\Java\javapath;C:\Program Files (x86)\Common Files\Oracle\Java\java8path;C:\Program Files (x86)\Common Files\Oracle\Java\javapath;C:\WINDOWS\system32;C:\WINDOWS;C:\WINDOWS\System32\Wbem;C:\WINDOWS\System32\WindowsPowerShell\v1.0\;C:\WINDOWS\System32\OpenSSH\;C:\Program Files\dotnet\;C:\Program Files\Git LFS;C:\Program Files\Microsoft SQL Server\150\Tools\Binn\;C:\Program Files\nodejs\;C:\Program Files\Microsoft SQL Server\Client SDK\ODBC\170\Tools\Binn\;C:\Program Files (x86)\Windows Kits\10\Windows Performance Toolkit\;C:\Program Files\Docker\Docker\resources\bin;C:\Program Files\Git\cmd;C:\Program Files (x86)\sbt\bin;C:\Users\cabos\AppData\Local\Programs\Python\Python310\Scripts\;C:\Users\cabos\AppData\Local\Programs\Python\Python310\;C:\Users\cabos\AppData\Local\Programs\Python\Python313\Scripts\;C:\Users\cabos\AppData\Local\Programs\Python\Python313\;C:\Users\cabos\AppData\Local\Programs\Python\Launcher\;C:\Program Files\MySQL\MySQL Shell 8.0\bin\;C:\Users\cabos\AppData\Local\Microsoft\WindowsApps;C:\Users\cabos\AppData\Local\GitHubDesktop\bin;C:\Users\cabos\.dotnet\tools;C:\Users\cabos\AppData\Roaming\npm;C:\Users\cabos\AppData\Local\Programs\Microsoft VS Code\bin;;C:\Users\cabos\AppData\Local\Coursier\data\bin;\bin;C:\Program Files\PuTTY\;C:\Program Files\GitExtensions\;C:\Users\cabos\AppData\Local\Programs\Python\Python310\Scripts\;C:\Users\cabos\AppData\Local\Programs\Python\Python310\;C:\Users\cabos\AppData\Local\Programs\Python\Python313\Scripts\;C:\Users\cabos\AppData\Local\Programs\Python\Python313\;C:\Users\cabos\AppData\Local\Programs\Python\Launcher\;C:\Program Files\MySQL\MySQL Shell 8.0\bin\;C:\Users\cabos\AppData\Local\Microsoft\WindowsApps;C:\Users\cabos\AppData\Local\GitHubDesktop\bin;C:\Users\cabos\.dotnet\tools;C:\Users\cabos\AppData\Roaming\npm;C:\Users\cabos\AppData\Local\Programs\Microsoft VS Code\bin;;C:\Users\cabos\AppData\Local\Coursier\data\bin;."/><property name="java.vm.info" value="mixed mode, sharing"/><property name="stderr.encoding" value="ms932"/><property name="java.vendor" value="Oracle Corporation"/><property name="java.vm.version" value="23+37-2369"/><property name="scala.ext.dirs" value="C:\Users\cabos\.sbt\1.0\java9-rt-ext-oracle_corporation_23"/><property name="sun.io.unicode.encoding" value="UnicodeLittle"/><property name="java.class.version" value="67.0"/>
    </properties>
          <testcase classname="com.CBoswell963.pokemondb.HelloSpec" name="Dummy test runs correctly" time="0.007">
                      
                    </testcase>
          <system-out><![CDATA[]]></system-out>
          <system-err><![CDATA[]]></system-err>
        </testsuite>